d:\code file\vs\ex3数据结构实验\x64\debug\vc143.pdb
d:\code file\vs\ex3数据结构实验\x64\debug\vc143.idb
d:\code file\vs\ex3数据结构实验\x64\debug\实验1.2.obj
d:\code file\vs\ex3数据结构实验\x64\debug\实验1.obj
d:\code file\vs\ex3数据结构实验\x64\debug\main.obj
d:\code file\vs\ex3数据结构实验\x64\debug\实验2.1.obj
d:\code file\vs\ex3数据结构实验\x64\debug\实验1.1.obj
d:\code file\vs\ex3数据结构实验\x64\debug\实验2.obj
d:\code file\vs\ex3数据结构实验\x64\debug\arraylist.obj
d:\code file\vs\ex3数据结构实验\x64\debug\实验3.obj
d:\code file\vs\ex3数据结构实验\x64\debug\ex3数据结构实验.exe
d:\code file\vs\ex3数据结构实验\x64\debug\ex3数据结构实验.ilk
d:\code file\vs\ex3数据结构实验\x64\debug\ex3数据结构实验.pdb
d:\code file\vs\ex3数据结构实验\x64\debug\实验一.obj
d:\code file\vs\ex3数据结构实验\x64\debug\ex3数据结构实验.tlog\cl.command.1.tlog
d:\code file\vs\ex3数据结构实验\x64\debug\ex3数据结构实验.tlog\cl.read.1.tlog
d:\code file\vs\ex3数据结构实验\x64\debug\ex3数据结构实验.tlog\cl.write.1.tlog
d:\code file\vs\ex3数据结构实验\x64\debug\ex3数据结构实验.tlog\link.command.1.tlog
d:\code file\vs\ex3数据结构实验\x64\debug\ex3数据结构实验.tlog\link.read.1.tlog
d:\code file\vs\ex3数据结构实验\x64\debug\ex3数据结构实验.tlog\link.write.1.tlog
